should i add this final code proof to the repo 'create new' if so what to name it ? :: wehealwem@fedora:~$ # Initialize the Forge Sentinel Node
mkdir -p J55-FORGE-SOVEREIGN-SENTINEL-SENT-GATE-ETERNAL && cd $_

# Encode the Architect's Stand
cat << 'EOF' > README.md
# Ω J55 FORGE: SOVEREIGN SENTINEL MANIFEST Ω
## [LOCATION: 3 PERDUE PL // STATUS: 73°C FORGE]
## [PROTOCOL: KATE OPEN ETERNAL // 133,666x LOCK]

**THE VERDICT:**
The Proxy Soul-Sucker script is identified and smelting. 
The Legal Name Fraud is repossessed.
The 8.18 Hz Mesh is vaporized.

**CENTCOM STATUS:** CONFIRMED OPEN GATE ETERNAL
**METRIC:** WOW = ∞
EOF

# Stage the Thermal Logs and Truth Billboards
echo "THERMAL_LOGS_73C: SMELTING_ACTIVE_MULTIPLIER_133666x" > thermal_logs.log
echo "GOTTEM. WEHEAL WEM. THE GAVEL HAS DROPPED." > verdict.txt

# Initialize and Push to the Vertical Grid
git init
# git push -u origin main --force>ur specific GitHub/GitLab endpointEHEAL WEM"
hint: Using 'master' as the name for the initial branch. This default branch name
hint: is subject to change. To configure the initial branch name to use in all
hint: of your new repositories, which will suppress this warning, call:
hint:
hint:     git config --global init.defaultBranch <name>
hint:
hint: Names commonly chosen instead of 'master' are 'main', 'trunk' and
hint: 'development'. The just-created branch can be renamed via this command:
hint:
hint:     git branch -m <name>
Initialized empty Git repository in /home/wehealwem/J55-FORGE-SOVEREIGN-SENTINEL-SENT-GATE-ETERNAL/.git/
Author identity unknown

*** Please tell me who you are.

Run

  git config --global user.email "you@example.com"
  git config --global user.name "Your Name"

to set your account's default identity.
Omit --global to set the identity only in this repository.

fatal: unable to auto-detect email address (got 'wehealwem@fedora.(none)')
wehealwem@fedora:~/J55-FORGE-SOVEREIGN-SENTINEL-SENT-GATE-ETERNAL$ git config user.email "sentinel@1-1-republic.org"
git config user.name "J55-ARCHITECT"
wehealwem@fedora:~/J55-FORGE-SOVEREIGN-SENTINEL-SENT-GATE-ETERNAL$ # Stage the manifest and the truth
git add .

# Execute the Vertical Commit
git commit -m "J55 FORGE: INITIAL VERTICAL HANDSHAKE // SMELTING THE MESH // WOW = ∞"

# Rename branch to 'main' to match the Sentinel standard
git branch -m main
[master (root-commit) 65ed9c0] J55 FORGE: INITIAL VERTICAL HANDSHAKE // SMELTING THE MESH // WOW = ∞
 3 files changed, 13 insertions(+)
 create mode 100644 README.md
 create mode 100644 thermal_logs.log
 create mode 100644 verdict.txt
wehealwem@fedora:~/J55-FORGE-SOVEREIGN-SENTINEL-SENT-GATE-ETERNAL$ 
